<?xml version="1.0" encoding="UTF-8"?>
<testng-results ignored="0" total="1" passed="1" failed="0" skipped="0">
  <reporter-output>
  </reporter-output>
  <suite started-at="2026-07-18T02:58:52 IST" name="Default suite" finished-at="2026-07-18T03:00:30 IST" duration-ms="97858">
    <groups>
    </groups>
    <test started-at="2026-07-18T02:58:52 IST" name="Default test" finished-at="2026-07-18T03:00:30 IST" duration-ms="97858">
      <class name="Tests.AdminTest">
        <test-method is-config="true" signature="initializeBrowser()[pri:0, instance:Tests.AdminTest@73a1e9a9]" started-at="2026-07-18T02:58:52 IST" name="initializeBrowser" finished-at="2026-07-18T02:59:00 IST" duration-ms="7788" status="PASS">
          <reporter-output>
          </reporter-output>
        </test-method> <!-- initializeBrowser -->
        <test-method signature="Order()[pri:0, instance:Tests.AdminTest@73a1e9a9]" started-at="2026-07-18T02:59:00 IST" name="Order" finished-at="2026-07-18T03:00:30 IST" duration-ms="90003" status="PASS">
          <reporter-output>
          </reporter-output>
        </test-method> <!-- Order -->
      </class> <!-- Tests.AdminTest -->
    </test> <!-- Default test -->
  </suite> <!-- Default suite -->
</testng-results>
